<?xml version="1.0" encoding="UTF-8"?>
<testng-results ignored="0" total="1" passed="0" failed="1" skipped="0">
  <reporter-output>
    <line>
      <![CDATA[Chrome Driver setup is done]]>
    </line>
    <line>
      <![CDATA[Starting the Test Case execution]]>
    </line>
    <line>
      <![CDATA[Chrome Driver Instance is created]]>
    </line>
    <line>
      <![CDATA[Chrome Instance is maximized]]>
    </line>
    <line>
      <![CDATA[Starting the Test Case execution]]>
    </line>
    <line>
      <![CDATA[Chrome Driver Instance is created]]>
    </line>
    <line>
      <![CDATA[Chrome Instance is maximized]]>
    </line>
    <line>
      <![CDATA[Url is opened : https://www.saucedemo.com/]]>
    </line>
    <line>
      <![CDATA[Entered the username as : standard_user]]>
    </line>
    <line>
      <![CDATA[Entered the password as : secret_sauce]]>
    </line>
    <line>
      <![CDATA[Clicked on Login Button]]>
    </line>
    <line>
      <![CDATA[Verified Loading of Home Page successfully]]>
    </line>
    <line>
      <![CDATA[Closed the Chrome driver Instance]]>
    </line>
    <line>
      <![CDATA[Quitted the Chrome driver Instance]]>
    </line>
  </reporter-output>
  <suite started-at="2024-03-30T14:19:46 IST" name="Suite" finished-at="2024-03-30T14:19:57 IST" duration-ms="10954">
    <groups>
    </groups>
    <test started-at="2024-03-30T14:19:46 IST" name="Test" finished-at="2024-03-30T14:19:57 IST" duration-ms="10954">
      <class name="tests.CheckoutTests">
        <test-method is-config="true" signature="browserSetup()[pri:0, instance:tests.CheckoutTests@8dbdac1]" started-at="2024-03-30T14:19:44 IST" name="browserSetup" finished-at="2024-03-30T14:19:46 IST" duration-ms="1746" status="PASS">
          <reporter-output>
            <line>
              <![CDATA[Chrome Driver setup is done]]>
            </line>
          </reporter-output>
        </test-method> <!-- browserSetup -->
        <test-method is-config="true" signature="driverInstanceSetup()[pri:0, instance:tests.CheckoutTests@8dbdac1]" started-at="2024-03-30T14:19:46 IST" name="driverInstanceSetup" finished-at="2024-03-30T14:19:49 IST" duration-ms="3079" status="PASS">
          <reporter-output>
            <line>
              <![CDATA[Starting the Test Case execution]]>
            </line>
            <line>
              <![CDATA[Chrome Driver Instance is created]]>
            </line>
            <line>
              <![CDATA[Chrome Instance is maximized]]>
            </line>
          </reporter-output>
        </test-method> <!-- driverInstanceSetup -->
        <test-method signature="Test1(java.lang.String)[pri:0, instance:tests.CheckoutTests@8dbdac1]" started-at="2024-03-30T14:19:49 IST" name="Test1" finished-at="2024-03-30T14:19:56 IST" duration-ms="6847" status="FAIL">
          <params>
            <param index="0">
              <value>
                <![CDATA[https://www.saucedemo.com/]]>
              </value>
            </param>
          </params>
          <exception class="java.lang.AssertionError">
            <message>
              <![CDATA[expected [true] but found [false]]]>
            </message>
            <full-stacktrace>
              <![CDATA[java.lang.AssertionError: expected [true] but found [false]
at org.testng.Assert.fail(Assert.java:99)
at org.testng.Assert.failNotEquals(Assert.java:1037)
at org.testng.Assert.assertEqualsImpl(Assert.java:140)
at org.testng.Assert.assertEquals(Assert.java:122)
at org.testng.Assert.assertEquals(Assert.java:819)
at org.testng.Assert.assertEquals(Assert.java:829)
at tests.CheckoutTests.Test1(CheckoutTests.java:54)
at java.base/jdk.internal.reflect.DirectMethodHandleAccessor.invoke(DirectMethodHandleAccessor.java:104)
at java.base/java.lang.reflect.Method.invoke(Method.java:577)
at org.testng.internal.MethodInvocationHelper.invokeMethod(MethodInvocationHelper.java:133)
at org.testng.internal.TestInvoker.invokeMethod(TestInvoker.java:598)
at org.testng.internal.TestInvoker.invokeTestMethod(TestInvoker.java:173)
at org.testng.internal.MethodRunner.runInSequence(MethodRunner.java:46)
at org.testng.internal.TestInvoker$MethodInvocationAgent.invoke(TestInvoker.java:824)
at org.testng.internal.TestInvoker.invokeTestMethods(TestInvoker.java:146)
at org.testng.internal.TestMethodWorker.invokeTestMethods(TestMethodWorker.java:146)
at org.testng.internal.TestMethodWorker.run(TestMethodWorker.java:128)
at java.base/java.util.ArrayList.forEach(ArrayList.java:1511)
at org.testng.TestRunner.privateRun(TestRunner.java:794)
at org.testng.TestRunner.run(TestRunner.java:596)
at org.testng.SuiteRunner.runTest(SuiteRunner.java:377)
at org.testng.SuiteRunner.runSequentially(SuiteRunner.java:371)
at org.testng.SuiteRunner.privateRun(SuiteRunner.java:332)
at org.testng.SuiteRunner.run(SuiteRunner.java:276)
at org.testng.SuiteRunnerWorker.runSuite(SuiteRunnerWorker.java:53)
at org.testng.SuiteRunnerWorker.run(SuiteRunnerWorker.java:96)
at org.testng.TestNG.runSuitesSequentially(TestNG.java:1212)
at org.testng.TestNG.runSuitesLocally(TestNG.java:1134)
at org.testng.TestNG.runSuites(TestNG.java:1063)
at org.testng.TestNG.run(TestNG.java:1031)
at org.testng.remote.AbstractRemoteTestNG.run(AbstractRemoteTestNG.java:115)
at org.testng.remote.RemoteTestNG.initAndRun(RemoteTestNG.java:251)
at org.testng.remote.RemoteTestNG.main(RemoteTestNG.java:77)
]]>
            </full-stacktrace>
          </exception> <!-- java.lang.AssertionError -->
          <reporter-output>
            <line>
              <![CDATA[Starting the Test Case execution]]>
            </line>
            <line>
              <![CDATA[Chrome Driver Instance is created]]>
            </line>
            <line>
              <![CDATA[Chrome Instance is maximized]]>
            </line>
            <line>
              <![CDATA[Url is opened : https://www.saucedemo.com/]]>
            </line>
            <line>
              <![CDATA[Entered the username as : standard_user]]>
            </line>
            <line>
              <![CDATA[Entered the password as : secret_sauce]]>
            </line>
            <line>
              <![CDATA[Clicked on Login Button]]>
            </line>
            <line>
              <![CDATA[Verified Loading of Home Page successfully]]>
            </line>
          </reporter-output>
        </test-method> <!-- Test1 -->
        <test-method is-config="true" signature="closeBrowser()[pri:0, instance:tests.CheckoutTests@8dbdac1]" started-at="2024-03-30T14:19:57 IST" name="closeBrowser" finished-at="2024-03-30T14:19:57 IST" duration-ms="394" status="PASS">
          <reporter-output>
            <line>
              <![CDATA[Closed the Chrome driver Instance]]>
            </line>
          </reporter-output>
        </test-method> <!-- closeBrowser -->
        <test-method is-config="true" signature="quitTest()[pri:0, instance:tests.CheckoutTests@8dbdac1]" started-at="2024-03-30T14:19:57 IST" name="quitTest" finished-at="2024-03-30T14:19:57 IST" duration-ms="278" status="PASS">
          <reporter-output>
            <line>
              <![CDATA[Quitted the Chrome driver Instance]]>
            </line>
          </reporter-output>
        </test-method> <!-- quitTest -->
      </class> <!-- tests.CheckoutTests -->
    </test> <!-- Test -->
  </suite> <!-- Suite -->
</testng-results>
